<?xml version="1.0" encoding="UTF-8"?>
<testsuite xmlns:xsi="http://www.w3.org/2001/XMLSchema-instance" xsi:noNamespaceSchemaLocation="https://maven.apache.org/surefire/maven-surefire-plugin/xsd/surefire-test-report-3.0.xsd" version="3.0" name="com.farda.FirstprojectApplicationTests" time="0.519" tests="1" errors="0" skipped="0" failures="0">
  <properties>
[...]
</properties>
  <testcase name="contextLoads" classname="com.farda.FirstprojectApplicationTests" time="0.0">
    <system-out><![CDATA[
  .   ____          _            __ _ _
 /\\ / ___'_ __ _ _(_)_ __  __ _ \ \ \ \
( ( )\___ | '_ | '_| | '_ \/ _` | \ \ \ \
 \\/  ___)| |_)| | | | | || (_| |  ) ) ) )
  '  |____| .__|_| |_|_| |_\__, | / / / /
 =========|_|==============|___/=/_/_/_/

 :: Spring Boot ::                (v3.3.4)

2024-10-10T09:35:36.684+02:00  INFO 18328 --- [firstproject] [           main] com.farda.FirstprojectApplicationTests   : Starting FirstprojectApplicationTests using Java 17.0.11 with PID 18328 (started by FARDA in C:\Users\FARDA\IdeaProjects\project_spring\firstproject)
2024-10-10T09:35:36.684+02:00  INFO 18328 --- [firstproject] [           main] com.farda.FirstprojectApplicationTests   : No active profile set, falling back to 1 default profile: "default"
Hibernate: alter table if exists articles drop constraint if exists UKjtpbwa5pnit13o8xxo64f7o18
Hibernate: alter table if exists articles add constraint UKjtpbwa5pnit13o8xxo64f7o18 unique (title)
Hibernate: alter table if exists articles drop constraint if exists UK3g05jo5fiah91qw44jln6de95
Hibernate: alter table if exists articles add constraint UK3g05jo5fiah91qw44jln6de95 unique (content)
Hibernate: alter table if exists users drop constraint if exists UKr43af9ap4edm43mmtq01oddj6
Hibernate: alter table if exists users add constraint UKr43af9ap4edm43mmtq01oddj6 unique (username)
Hibernate: alter table if exists users drop constraint if exists UK6dotkott2kjsp8vw4d0m25fb7
Hibernate: alter table if exists users add constraint UK6dotkott2kjsp8vw4d0m25fb7 unique (email)
2024-10-10T09:35:37.155+02:00  INFO 18328 --- [firstproject] [           main] o.s.b.a.h2.H2ConsoleAutoConfiguration    : H2 console available at '/h2-ui'. Database available at 'jdbc:h2:~/data/db'
2024-10-10T09:35:37.172+02:00  INFO 18328 --- [firstproject] [           main] com.farda.FirstprojectApplicationTests   : Started FirstprojectApplicationTests in 0.519 seconds (process running for 6.381)
]]></system-out>
  </testcase>
</testsuite>